<?xml version="1.0" encoding="UTF-8"?>
<!-- Generated by org.testng.reporters.JUnitReportReporter -->
<testsuite hostname="Sasi" failures="0" tests="3" name="TestNG.DataProviders" time="56.785" errors="0" timestamp="2023-10-06T15:45:25 IST" skipped="0">
  <testcase classname="TestNG.DataProviders" name="demo" time="48.273"/>
  <testcase classname="TestNG.DataProviders" name="demo" time="4.178"/>
  <testcase classname="TestNG.DataProviders" name="demo" time="4.334"/>
</testsuite> <!-- TestNG.DataProviders -->
