<?xml version="1.0" encoding="UTF-8"?>
<!-- Generated by org.testng.reporters.JUnitReportReporter -->
<testsuite hostname="Sasi" failures="0" tests="1" name="TestNG_FailingPurpose.snapdeal" time="5.245" errors="0" timestamp="2023-10-06T15:03:15 IST" skipped="0">
  <testcase classname="TestNG_FailingPurpose.snapdeal" name="snap" time="5.245"/>
</testsuite> <!-- TestNG_FailingPurpose.snapdeal -->
