<?xml version="1.0" encoding="UTF-8"?>
<!-- Generated by org.testng.reporters.JUnitReportReporter -->
<testsuite hostname="Sasi" failures="0" tests="1" name="TestNg_Sequential.Amazon" time="5.144" errors="0" timestamp="2023-10-04T15:56:29 IST" skipped="0">
  <testcase classname="TestNg_Sequential.Amazon" name="amz" time="5.144"/>
</testsuite> <!-- TestNg_Sequential.Amazon -->
