<?xml version="1.0" encoding="UTF-8"?>
<!-- Generated by org.testng.reporters.JUnitReportReporter -->
<testsuite hostname="Sasi" failures="0" tests="1" name="TestNG_FailingPurpose.amazon" time="5.257" errors="0" timestamp="2023-10-06T15:03:15 IST" skipped="0">
  <testcase classname="TestNG_FailingPurpose.amazon" name="amz" time="5.257"/>
</testsuite> <!-- TestNG_FailingPurpose.amazon -->
