<?xml version="1.0" encoding="UTF-8"?>
<!-- Generated by org.testng.reporters.JUnitReportReporter -->
<testsuite hostname="Sasi" failures="0" tests="1" name="TestNG_Annotations.amazon_Facebook_snapdeal" time="5.795" errors="0" timestamp="2023-10-06T14:35:25 IST" skipped="0">
  <testcase classname="TestNG_Annotations.amazon_Facebook_snapdeal" name="amazon" time="5.795"/>
</testsuite> <!-- TestNG_Annotations.amazon_Facebook_snapdeal -->
