<?xml version="1.0" encoding="UTF-8"?>
<!-- Generated by org.testng.reporters.JUnitReportReporter -->
<testsuite hostname="Sasi" failures="0" tests="1" name="TestNG_FailingPurpose.facebook" time="4.898" errors="0" timestamp="2023-10-06T15:06:38 IST" skipped="0">
  <testcase classname="TestNG_FailingPurpose.facebook" name="fb" time="4.898"/>
</testsuite> <!-- TestNG_FailingPurpose.facebook -->
