<?xml version="1.0" encoding="UTF-8"?>
<!-- Generated by org.testng.reporters.JUnitReportReporter -->
<testsuite hostname="Sasi" failures="0" tests="1" name="TestNG_Parallel.Amazon_distributed" time="47.626" errors="0" timestamp="2023-10-05T14:20:24 IST" skipped="0">
  <testcase classname="TestNG_Parallel.Amazon_distributed" name="amz" time="47.626"/>
</testsuite> <!-- TestNG_Parallel.Amazon_distributed -->
