<?xml version="1.0" encoding="UTF-8"?>
<!-- Generated by org.testng.reporters.JUnitReportReporter -->
<testsuite hostname="Sasi" failures="0" tests="2" name="TestNG_Parallel.Compatability" time="8.660" errors="0" timestamp="2023-10-05T14:52:04 IST" skipped="0">
  <testcase classname="TestNG_Parallel.Compatability" name="fb" time="3.325"/>
  <testcase classname="TestNG_Parallel.Compatability" name="fb" time="5.335"/>
</testsuite> <!-- TestNG_Parallel.Compatability -->
